{"/home/fabrizio/repositories/CorsoUnitTest_TDD/Booking/src/booking.js": {"path":"/home/fabrizio/repositories/CorsoUnitTest_TDD/Booking/src/booking.js","statementMap":{"0":{"start":{"line":2,"column":4},"end":{"line":2,"column":68}},"1":{"start":{"line":2,"column":32},"end":{"line":2,"column":66}},"2":{"start":{"line":6,"column":17},"end":{"line":6,"column":49}},"3":{"start":{"line":6,"column":33},"end":{"line":6,"column":48}},"4":{"start":{"line":7,"column":4},"end":{"line":9,"column":5}},"5":{"start":{"line":8,"column":8},"end":{"line":8,"column":96}},"6":{"start":{"line":10,"column":4},"end":{"line":10,"column":74}}},"fnMap":{"0":{"name":"searchAvailableRooms","decl":{"start":{"line":1,"column":16},"end":{"line":1,"column":36}},"loc":{"start":{"line":1,"column":50},"end":{"line":3,"column":1}},"line":1},"1":{"name":"(anonymous_1)","decl":{"start":{"line":2,"column":24},"end":{"line":2,"column":25}},"loc":{"start":{"line":2,"column":32},"end":{"line":2,"column":66}},"line":2},"2":{"name":"bookRoom","decl":{"start":{"line":5,"column":16},"end":{"line":5,"column":24}},"loc":{"start":{"line":5,"column":46},"end":{"line":11,"column":1}},"line":5},"3":{"name":"(anonymous_3)","decl":{"start":{"line":6,"column":28},"end":{"line":6,"column":29}},"loc":{"start":{"line":6,"column":33},"end":{"line":6,"column":48}},"line":6}},"branchMap":{"0":{"loc":{"start":{"line":7,"column":4},"end":{"line":9,"column":5}},"type":"if","locations":[{"start":{"line":7,"column":4},"end":{"line":9,"column":5}},{"start":{},"end":{}}],"line":7},"1":{"loc":{"start":{"line":7,"column":8},"end":{"line":7,"column":50}},"type":"binary-expr","locations":[{"start":{"line":7,"column":8},"end":{"line":7,"column":12}},{"start":{"line":7,"column":16},"end":{"line":7,"column":50}}],"line":7}},"s":{"0":1,"1":2,"2":1,"3":1,"4":1,"5":1,"6":0},"f":{"0":1,"1":2,"2":1,"3":1},"b":{"0":[1,0],"1":[1,1]},"_coverageSchema":"1a1c01bbd47fc00a2c39e90264f33305004495a9","hash":"3e676aa011e415efc973e32943e8b81af75ee91f"}
,"/home/fabrizio/repositories/CorsoUnitTest_TDD/Component/src/components/SearchBar.jsx": {"path":"/home/fabrizio/repositories/CorsoUnitTest_TDD/Component/src/components/SearchBar.jsx","statementMap":{"0":{"start":{"line":4,"column":18},"end":{"line":32,"column":1}},"1":{"start":{"line":5,"column":28},"end":{"line":5,"column":40}},"2":{"start":{"line":6,"column":24},"end":{"line":6,"column":47}},"3":{"start":{"line":8,"column":26},"end":{"line":11,"column":3}},"4":{"start":{"line":9,"column":10},"end":{"line":9,"column":59}},"5":{"start":{"line":13,"column":2},"end":{"line":31,"column":4}},"6":{"start":{"line":21,"column":25},"end":{"line":21,"column":49}},"7":{"start":{"line":25,"column":40},"end":{"line":25,"column":66}}},"fnMap":{"0":{"name":"(anonymous_0)","decl":{"start":{"line":4,"column":18},"end":{"line":4,"column":19}},"loc":{"start":{"line":4,"column":45},"end":{"line":32,"column":1}},"line":4},"1":{"name":"(anonymous_1)","decl":{"start":{"line":9,"column":4},"end":{"line":9,"column":5}},"loc":{"start":{"line":9,"column":10},"end":{"line":9,"column":59}},"line":9},"2":{"name":"(anonymous_2)","decl":{"start":{"line":21,"column":18},"end":{"line":21,"column":19}},"loc":{"start":{"line":21,"column":25},"end":{"line":21,"column":49}},"line":21},"3":{"name":"(anonymous_3)","decl":{"start":{"line":25,"column":30},"end":{"line":25,"column":31}},"loc":{"start":{"line":25,"column":40},"end":{"line":25,"column":66}},"line":25}},"branchMap":{"0":{"loc":{"start":{"line":4,"column":21},"end":{"line":4,"column":31}},"type":"default-arg","locations":[{"start":{"line":4,"column":29},"end":{"line":4,"column":31}}],"line":4},"1":{"loc":{"start":{"line":24,"column":9},"end":{"line":28,"column":9}},"type":"cond-expr","locations":[{"start":{"line":25,"column":10},"end":{"line":25,"column":67}},{"start":{"line":27,"column":10},"end":{"line":27,"column":62}}],"line":24}},"s":{"0":2,"1":29,"2":29,"3":29,"4":20,"5":29,"6":9,"7":146},"f":{"0":29,"1":20,"2":9,"3":146},"b":{"0":[0],"1":[27,2]},"_coverageSchema":"1a1c01bbd47fc00a2c39e90264f33305004495a9","hash":"62f565191ea162b6f91a8ce40b8e3b6303b1f7e1"}
,"/home/fabrizio/repositories/CorsoUnitTest_TDD/Component/src/utils/searchUtils.js": {"path":"/home/fabrizio/repositories/CorsoUnitTest_TDD/Component/src/utils/searchUtils.js","statementMap":{"0":{"start":{"line":1,"column":29},"end":{"line":10,"column":1}},"1":{"start":{"line":2,"column":4},"end":{"line":2,"column":41}},"2":{"start":{"line":2,"column":31},"end":{"line":2,"column":41}},"3":{"start":{"line":4,"column":21},"end":{"line":5,"column":73}},"4":{"start":{"line":5,"column":24},"end":{"line":5,"column":72}},"5":{"start":{"line":7,"column":19},"end":{"line":7,"column":62}},"6":{"start":{"line":7,"column":43},"end":{"line":7,"column":61}},"7":{"start":{"line":9,"column":4},"end":{"line":9,"column":82}}},"fnMap":{"0":{"name":"(anonymous_0)","decl":{"start":{"line":1,"column":29},"end":{"line":1,"column":30}},"loc":{"start":{"line":1,"column":64},"end":{"line":10,"column":1}},"line":1},"1":{"name":"(anonymous_1)","decl":{"start":{"line":5,"column":16},"end":{"line":5,"column":17}},"loc":{"start":{"line":5,"column":24},"end":{"line":5,"column":72}},"line":5},"2":{"name":"(anonymous_2)","decl":{"start":{"line":7,"column":33},"end":{"line":7,"column":34}},"loc":{"start":{"line":7,"column":43},"end":{"line":7,"column":61}},"line":7}},"branchMap":{"0":{"loc":{"start":{"line":1,"column":30},"end":{"line":1,"column":40}},"type":"default-arg","locations":[{"start":{"line":1,"column":38},"end":{"line":1,"column":40}}],"line":1},"1":{"loc":{"start":{"line":1,"column":42},"end":{"line":1,"column":52}},"type":"default-arg","locations":[{"start":{"line":1,"column":50},"end":{"line":1,"column":52}}],"line":1},"2":{"loc":{"start":{"line":2,"column":4},"end":{"line":2,"column":41}},"type":"if","locations":[{"start":{"line":2,"column":4},"end":{"line":2,"column":41}},{"start":{},"end":{}}],"line":2},"3":{"loc":{"start":{"line":9,"column":11},"end":{"line":9,"column":81}},"type":"cond-expr","locations":[{"start":{"line":9,"column":50},"end":{"line":9,"column":72}},{"start":{"line":9,"column":75},"end":{"line":9,"column":81}}],"line":9},"4":{"loc":{"start":{"line":9,"column":11},"end":{"line":9,"column":47}},"type":"binary-expr","locations":[{"start":{"line":9,"column":11},"end":{"line":9,"column":34}},{"start":{"line":9,"column":38},"end":{"line":9,"column":47}}],"line":9}},"s":{"0":2,"1":20,"2":0,"3":20,"4":120,"5":20,"6":174,"7":20},"f":{"0":20,"1":120,"2":174},"b":{"0":[0],"1":[0],"2":[0,20],"3":[20,0],"4":[20,20]},"_coverageSchema":"1a1c01bbd47fc00a2c39e90264f33305004495a9","hash":"f683c706e388c622a4dd41f5ef49e2599af3b9af"}
,"/home/fabrizio/repositories/CorsoUnitTest_TDD/E-commerce/src/cart.js": {"path":"/home/fabrizio/repositories/CorsoUnitTest_TDD/E-commerce/src/cart.js","statementMap":{"0":{"start":{"line":3,"column":8},"end":{"line":3,"column":27}},"1":{"start":{"line":7,"column":8},"end":{"line":9,"column":9}},"2":{"start":{"line":8,"column":12},"end":{"line":8,"column":55}},"3":{"start":{"line":10,"column":8},"end":{"line":12,"column":9}},"4":{"start":{"line":11,"column":12},"end":{"line":11,"column":50}},"5":{"start":{"line":13,"column":8},"end":{"line":15,"column":9}},"6":{"start":{"line":14,"column":12},"end":{"line":14,"column":33}},"7":{"start":{"line":16,"column":8},"end":{"line":18,"column":9}},"8":{"start":{"line":17,"column":12},"end":{"line":17,"column":56}},"9":{"start":{"line":19,"column":8},"end":{"line":21,"column":9}},"10":{"start":{"line":20,"column":12},"end":{"line":20,"column":69}},"11":{"start":{"line":23,"column":8},"end":{"line":27,"column":9}},"12":{"start":{"line":24,"column":12},"end":{"line":24,"column":67}},"13":{"start":{"line":26,"column":12},"end":{"line":26,"column":55}},"14":{"start":{"line":31,"column":8},"end":{"line":33,"column":9}},"15":{"start":{"line":32,"column":12},"end":{"line":32,"column":50}},"16":{"start":{"line":34,"column":8},"end":{"line":36,"column":9}},"17":{"start":{"line":35,"column":12},"end":{"line":35,"column":57}},"18":{"start":{"line":37,"column":8},"end":{"line":41,"column":9}},"19":{"start":{"line":38,"column":12},"end":{"line":38,"column":51}},"20":{"start":{"line":40,"column":12},"end":{"line":40,"column":44}},"21":{"start":{"line":45,"column":8},"end":{"line":51,"column":12}},"22":{"start":{"line":45,"column":56},"end":{"line":51,"column":9}},"23":{"start":{"line":55,"column":20},"end":{"line":58,"column":9}},"24":{"start":{"line":56,"column":24},"end":{"line":56,"column":50}},"25":{"start":{"line":60,"column":8},"end":{"line":62,"column":9}},"26":{"start":{"line":61,"column":12},"end":{"line":61,"column":32}},"27":{"start":{"line":63,"column":8},"end":{"line":63,"column":44}},"28":{"start":{"line":67,"column":8},"end":{"line":67,"column":27}},"29":{"start":{"line":71,"column":0},"end":{"line":71,"column":22}}},"fnMap":{"0":{"name":"(anonymous_0)","decl":{"start":{"line":2,"column":4},"end":{"line":2,"column":5}},"loc":{"start":{"line":2,"column":18},"end":{"line":4,"column":5}},"line":2},"1":{"name":"(anonymous_1)","decl":{"start":{"line":6,"column":4},"end":{"line":6,"column":5}},"loc":{"start":{"line":6,"column":24},"end":{"line":28,"column":5}},"line":6},"2":{"name":"(anonymous_2)","decl":{"start":{"line":30,"column":4},"end":{"line":30,"column":5}},"loc":{"start":{"line":30,"column":29},"end":{"line":42,"column":5}},"line":30},"3":{"name":"(anonymous_3)","decl":{"start":{"line":44,"column":4},"end":{"line":44,"column":5}},"loc":{"start":{"line":44,"column":15},"end":{"line":52,"column":5}},"line":44},"4":{"name":"(anonymous_4)","decl":{"start":{"line":45,"column":48},"end":{"line":45,"column":49}},"loc":{"start":{"line":45,"column":56},"end":{"line":51,"column":9}},"line":45},"5":{"name":"(anonymous_5)","decl":{"start":{"line":54,"column":4},"end":{"line":54,"column":5}},"loc":{"start":{"line":54,"column":21},"end":{"line":64,"column":5}},"line":54},"6":{"name":"(anonymous_6)","decl":{"start":{"line":56,"column":12},"end":{"line":56,"column":13}},"loc":{"start":{"line":56,"column":24},"end":{"line":56,"column":50}},"line":56},"7":{"name":"(anonymous_7)","decl":{"start":{"line":66,"column":4},"end":{"line":66,"column":5}},"loc":{"start":{"line":66,"column":16},"end":{"line":68,"column":5}},"line":66}},"branchMap":{"0":{"loc":{"start":{"line":7,"column":8},"end":{"line":9,"column":9}},"type":"if","locations":[{"start":{"line":7,"column":8},"end":{"line":9,"column":9}},{"start":{},"end":{}}],"line":7},"1":{"loc":{"start":{"line":7,"column":12},"end":{"line":7,"column":42}},"type":"binary-expr","locations":[{"start":{"line":7,"column":12},"end":{"line":7,"column":20}},{"start":{"line":7,"column":24},"end":{"line":7,"column":42}}],"line":7},"2":{"loc":{"start":{"line":10,"column":8},"end":{"line":12,"column":9}},"type":"if","locations":[{"start":{"line":10,"column":8},"end":{"line":12,"column":9}},{"start":{},"end":{}}],"line":10},"3":{"loc":{"start":{"line":10,"column":12},"end":{"line":10,"column":60}},"type":"binary-expr","locations":[{"start":{"line":10,"column":12},"end":{"line":10,"column":42}},{"start":{"line":10,"column":46},"end":{"line":10,"column":60}}],"line":10},"4":{"loc":{"start":{"line":13,"column":8},"end":{"line":15,"column":9}},"type":"if","locations":[{"start":{"line":13,"column":8},"end":{"line":15,"column":9}},{"start":{},"end":{}}],"line":13},"5":{"loc":{"start":{"line":16,"column":8},"end":{"line":18,"column":9}},"type":"if","locations":[{"start":{"line":16,"column":8},"end":{"line":18,"column":9}},{"start":{},"end":{}}],"line":16},"6":{"loc":{"start":{"line":19,"column":8},"end":{"line":21,"column":9}},"type":"if","locations":[{"start":{"line":19,"column":8},"end":{"line":21,"column":9}},{"start":{},"end":{}}],"line":19},"7":{"loc":{"start":{"line":23,"column":8},"end":{"line":27,"column":9}},"type":"if","locations":[{"start":{"line":23,"column":8},"end":{"line":27,"column":9}},{"start":{"line":25,"column":15},"end":{"line":27,"column":9}}],"line":23},"8":{"loc":{"start":{"line":31,"column":8},"end":{"line":33,"column":9}},"type":"if","locations":[{"start":{"line":31,"column":8},"end":{"line":33,"column":9}},{"start":{},"end":{}}],"line":31},"9":{"loc":{"start":{"line":31,"column":12},"end":{"line":31,"column":79}},"type":"binary-expr","locations":[{"start":{"line":31,"column":12},"end":{"line":31,"column":29}},{"start":{"line":31,"column":33},"end":{"line":31,"column":62}},{"start":{"line":31,"column":66},"end":{"line":31,"column":79}}],"line":31},"10":{"loc":{"start":{"line":34,"column":8},"end":{"line":36,"column":9}},"type":"if","locations":[{"start":{"line":34,"column":8},"end":{"line":36,"column":9}},{"start":{},"end":{}}],"line":34},"11":{"loc":{"start":{"line":37,"column":8},"end":{"line":41,"column":9}},"type":"if","locations":[{"start":{"line":37,"column":8},"end":{"line":41,"column":9}},{"start":{"line":39,"column":15},"end":{"line":41,"column":9}}],"line":37},"12":{"loc":{"start":{"line":60,"column":8},"end":{"line":62,"column":9}},"type":"if","locations":[{"start":{"line":60,"column":8},"end":{"line":62,"column":9}},{"start":{},"end":{}}],"line":60}},"s":{"0":17,"1":21,"2":1,"3":20,"4":1,"5":19,"6":0,"7":19,"8":0,"9":19,"10":1,"11":18,"12":1,"13":17,"14":10,"15":1,"16":9,"17":2,"18":7,"19":5,"20":2,"21":3,"22":2,"23":5,"24":10,"25":5,"26":1,"27":5,"28":2,"29":2},"f":{"0":17,"1":21,"2":10,"3":3,"4":2,"5":5,"6":10,"7":2},"b":{"0":[1,20],"1":[21,21],"2":[1,19],"3":[20,20],"4":[0,19],"5":[0,19],"6":[1,18],"7":[1,17],"8":[1,9],"9":[10,10,10],"10":[2,7],"11":[5,2],"12":[1,4]},"_coverageSchema":"1a1c01bbd47fc00a2c39e90264f33305004495a9","hash":"6ce9d5b9ca0c2f90874cd427f5899362aefd12fa"}
,"/home/fabrizio/repositories/CorsoUnitTest_TDD/E-commerce/src/product.js": {"path":"/home/fabrizio/repositories/CorsoUnitTest_TDD/E-commerce/src/product.js","statementMap":{"0":{"start":{"line":3,"column":8},"end":{"line":5,"column":9}},"1":{"start":{"line":4,"column":12},"end":{"line":4,"column":55}},"2":{"start":{"line":6,"column":8},"end":{"line":8,"column":9}},"3":{"start":{"line":7,"column":12},"end":{"line":7,"column":50}},"4":{"start":{"line":9,"column":8},"end":{"line":11,"column":9}},"5":{"start":{"line":10,"column":12},"end":{"line":10,"column":56}},"6":{"start":{"line":12,"column":8},"end":{"line":14,"column":9}},"7":{"start":{"line":13,"column":12},"end":{"line":13,"column":72}},"8":{"start":{"line":15,"column":8},"end":{"line":15,"column":21}},"9":{"start":{"line":16,"column":8},"end":{"line":16,"column":25}},"10":{"start":{"line":17,"column":8},"end":{"line":17,"column":27}},"11":{"start":{"line":18,"column":8},"end":{"line":18,"column":33}},"12":{"start":{"line":22,"column":0},"end":{"line":22,"column":25}}},"fnMap":{"0":{"name":"(anonymous_0)","decl":{"start":{"line":2,"column":4},"end":{"line":2,"column":5}},"loc":{"start":{"line":2,"column":51},"end":{"line":19,"column":5}},"line":2}},"branchMap":{"0":{"loc":{"start":{"line":2,"column":35},"end":{"line":2,"column":47}},"type":"default-arg","locations":[{"start":{"line":2,"column":46},"end":{"line":2,"column":47}}],"line":2},"1":{"loc":{"start":{"line":3,"column":8},"end":{"line":5,"column":9}},"type":"if","locations":[{"start":{"line":3,"column":8},"end":{"line":5,"column":9}},{"start":{},"end":{}}],"line":3},"2":{"loc":{"start":{"line":6,"column":8},"end":{"line":8,"column":9}},"type":"if","locations":[{"start":{"line":6,"column":8},"end":{"line":8,"column":9}},{"start":{},"end":{}}],"line":6},"3":{"loc":{"start":{"line":6,"column":12},"end":{"line":6,"column":44}},"type":"binary-expr","locations":[{"start":{"line":6,"column":12},"end":{"line":6,"column":34}},{"start":{"line":6,"column":38},"end":{"line":6,"column":44}}],"line":6},"4":{"loc":{"start":{"line":9,"column":8},"end":{"line":11,"column":9}},"type":"if","locations":[{"start":{"line":9,"column":8},"end":{"line":11,"column":9}},{"start":{},"end":{}}],"line":9},"5":{"loc":{"start":{"line":12,"column":8},"end":{"line":14,"column":9}},"type":"if","locations":[{"start":{"line":12,"column":8},"end":{"line":14,"column":9}},{"start":{},"end":{}}],"line":12}},"s":{"0":2,"1":0,"2":2,"3":0,"4":2,"5":0,"6":2,"7":0,"8":2,"9":2,"10":2,"11":2,"12":1},"f":{"0":2},"b":{"0":[0],"1":[0,2],"2":[0,2],"3":[2,2],"4":[0,2],"5":[0,2]},"_coverageSchema":"1a1c01bbd47fc00a2c39e90264f33305004495a9","hash":"9f651abee17cb3467a8ac59f7c0fd4553a3b6e78"}
,"/home/fabrizio/repositories/CorsoUnitTest_TDD/Form/src/form.js": {"path":"/home/fabrizio/repositories/CorsoUnitTest_TDD/Form/src/form.js","statementMap":{"0":{"start":{"line":4,"column":21},"end":{"line":8,"column":6}},"1":{"start":{"line":10,"column":4},"end":{"line":21,"column":5}},"2":{"start":{"line":11,"column":27},"end":{"line":11,"column":55}},"3":{"start":{"line":12,"column":8},"end":{"line":19,"column":9}},"4":{"start":{"line":13,"column":30},"end":{"line":13,"column":51}},"5":{"start":{"line":14,"column":12},"end":{"line":16,"column":13}},"6":{"start":{"line":15,"column":16},"end":{"line":15,"column":47}},"7":{"start":{"line":20,"column":8},"end":{"line":20,"column":38}},"8":{"start":{"line":22,"column":4},"end":{"line":22,"column":27}},"9":{"start":{"line":27,"column":19},"end":{"line":27,"column":21}},"10":{"start":{"line":29,"column":22},"end":{"line":29,"column":49}},"11":{"start":{"line":30,"column":4},"end":{"line":30,"column":43}},"12":{"start":{"line":30,"column":19},"end":{"line":30,"column":43}},"13":{"start":{"line":32,"column":23},"end":{"line":32,"column":52}},"14":{"start":{"line":33,"column":4},"end":{"line":33,"column":46}},"15":{"start":{"line":33,"column":20},"end":{"line":33,"column":46}},"16":{"start":{"line":35,"column":30},"end":{"line":35,"column":73}},"17":{"start":{"line":36,"column":4},"end":{"line":36,"column":67}},"18":{"start":{"line":36,"column":27},"end":{"line":36,"column":67}},"19":{"start":{"line":38,"column":4},"end":{"line":40,"column":5}},"20":{"start":{"line":39,"column":8},"end":{"line":39,"column":42}},"21":{"start":{"line":42,"column":4},"end":{"line":47,"column":5}},"22":{"start":{"line":43,"column":23},"end":{"line":43,"column":55}},"23":{"start":{"line":44,"column":8},"end":{"line":44,"column":41}},"24":{"start":{"line":46,"column":8},"end":{"line":46,"column":67}}},"fnMap":{"0":{"name":"sendRegistration","decl":{"start":{"line":3,"column":22},"end":{"line":3,"column":38}},"loc":{"start":{"line":3,"column":45},"end":{"line":23,"column":1}},"line":3},"1":{"name":"handleFormSubmit","decl":{"start":{"line":26,"column":22},"end":{"line":26,"column":38}},"loc":{"start":{"line":26,"column":49},"end":{"line":48,"column":1}},"line":26}},"branchMap":{"0":{"loc":{"start":{"line":10,"column":4},"end":{"line":21,"column":5}},"type":"if","locations":[{"start":{"line":10,"column":4},"end":{"line":21,"column":5}},{"start":{},"end":{}}],"line":10},"1":{"loc":{"start":{"line":14,"column":12},"end":{"line":16,"column":13}},"type":"if","locations":[{"start":{"line":14,"column":12},"end":{"line":16,"column":13}},{"start":{},"end":{}}],"line":14},"2":{"loc":{"start":{"line":30,"column":4},"end":{"line":30,"column":43}},"type":"if","locations":[{"start":{"line":30,"column":4},"end":{"line":30,"column":43}},{"start":{},"end":{}}],"line":30},"3":{"loc":{"start":{"line":33,"column":4},"end":{"line":33,"column":46}},"type":"if","locations":[{"start":{"line":33,"column":4},"end":{"line":33,"column":46}},{"start":{},"end":{}}],"line":33},"4":{"loc":{"start":{"line":36,"column":4},"end":{"line":36,"column":67}},"type":"if","locations":[{"start":{"line":36,"column":4},"end":{"line":36,"column":67}},{"start":{},"end":{}}],"line":36},"5":{"loc":{"start":{"line":38,"column":4},"end":{"line":40,"column":5}},"type":"if","locations":[{"start":{"line":38,"column":4},"end":{"line":40,"column":5}},{"start":{},"end":{}}],"line":38}},"s":{"0":6,"1":6,"2":4,"3":4,"4":4,"5":3,"6":2,"7":4,"8":2,"9":4,"10":4,"11":4,"12":1,"13":4,"14":4,"15":1,"16":4,"17":4,"18":1,"19":4,"20":1,"21":3,"22":3,"23":1,"24":2},"f":{"0":6,"1":4},"b":{"0":[4,2],"1":[2,1],"2":[1,3],"3":[1,3],"4":[1,3],"5":[1,3]},"_coverageSchema":"1a1c01bbd47fc00a2c39e90264f33305004495a9","hash":"58b06c112d60bf6fd16c8eea64ca55f4ee11fb98"}
,"/home/fabrizio/repositories/CorsoUnitTest_TDD/Form/src/validation.js": {"path":"/home/fabrizio/repositories/CorsoUnitTest_TDD/Form/src/validation.js","statementMap":{"0":{"start":{"line":2,"column":4},"end":{"line":4,"column":5}},"1":{"start":{"line":3,"column":8},"end":{"line":3,"column":63}},"2":{"start":{"line":5,"column":4},"end":{"line":5,"column":16}},"3":{"start":{"line":9,"column":4},"end":{"line":11,"column":5}},"4":{"start":{"line":10,"column":8},"end":{"line":10,"column":77}},"5":{"start":{"line":13,"column":23},"end":{"line":13,"column":51}},"6":{"start":{"line":14,"column":4},"end":{"line":16,"column":5}},"7":{"start":{"line":15,"column":8},"end":{"line":15,"column":77}},"8":{"start":{"line":18,"column":4},"end":{"line":18,"column":16}},"9":{"start":{"line":23,"column":4},"end":{"line":25,"column":5}},"10":{"start":{"line":24,"column":8},"end":{"line":24,"column":86}},"11":{"start":{"line":26,"column":14},"end":{"line":26,"column":25}},"12":{"start":{"line":27,"column":4},"end":{"line":29,"column":5}},"13":{"start":{"line":28,"column":8},"end":{"line":28,"column":86}},"14":{"start":{"line":30,"column":4},"end":{"line":30,"column":16}}},"fnMap":{"0":{"name":"validateName","decl":{"start":{"line":1,"column":16},"end":{"line":1,"column":28}},"loc":{"start":{"line":1,"column":35},"end":{"line":6,"column":1}},"line":1},"1":{"name":"validateEmail","decl":{"start":{"line":8,"column":16},"end":{"line":8,"column":29}},"loc":{"start":{"line":8,"column":37},"end":{"line":19,"column":1}},"line":8},"2":{"name":"validateParticipants","decl":{"start":{"line":22,"column":16},"end":{"line":22,"column":36}},"loc":{"start":{"line":22,"column":42},"end":{"line":31,"column":1}},"line":22}},"branchMap":{"0":{"loc":{"start":{"line":2,"column":4},"end":{"line":4,"column":5}},"type":"if","locations":[{"start":{"line":2,"column":4},"end":{"line":4,"column":5}},{"start":{},"end":{}}],"line":2},"1":{"loc":{"start":{"line":2,"column":8},"end":{"line":2,"column":58}},"type":"binary-expr","locations":[{"start":{"line":2,"column":8},"end":{"line":2,"column":32}},{"start":{"line":2,"column":36},"end":{"line":2,"column":58}}],"line":2},"2":{"loc":{"start":{"line":9,"column":4},"end":{"line":11,"column":5}},"type":"if","locations":[{"start":{"line":9,"column":4},"end":{"line":11,"column":5}},{"start":{},"end":{}}],"line":9},"3":{"loc":{"start":{"line":9,"column":8},"end":{"line":9,"column":62}},"type":"binary-expr","locations":[{"start":{"line":9,"column":8},"end":{"line":9,"column":33}},{"start":{"line":9,"column":37},"end":{"line":9,"column":62}}],"line":9},"4":{"loc":{"start":{"line":14,"column":4},"end":{"line":16,"column":5}},"type":"if","locations":[{"start":{"line":14,"column":4},"end":{"line":16,"column":5}},{"start":{},"end":{}}],"line":14},"5":{"loc":{"start":{"line":23,"column":4},"end":{"line":25,"column":5}},"type":"if","locations":[{"start":{"line":23,"column":4},"end":{"line":25,"column":5}},{"start":{},"end":{}}],"line":23},"6":{"loc":{"start":{"line":23,"column":8},"end":{"line":23,"column":58}},"type":"binary-expr","locations":[{"start":{"line":23,"column":8},"end":{"line":23,"column":31}},{"start":{"line":23,"column":35},"end":{"line":23,"column":58}}],"line":23},"7":{"loc":{"start":{"line":27,"column":4},"end":{"line":29,"column":5}},"type":"if","locations":[{"start":{"line":27,"column":4},"end":{"line":29,"column":5}},{"start":{},"end":{}}],"line":27},"8":{"loc":{"start":{"line":27,"column":8},"end":{"line":27,"column":47}},"type":"binary-expr","locations":[{"start":{"line":27,"column":8},"end":{"line":27,"column":28}},{"start":{"line":27,"column":32},"end":{"line":27,"column":37}},{"start":{"line":27,"column":41},"end":{"line":27,"column":47}}],"line":27}},"s":{"0":8,"1":3,"2":5,"3":8,"4":1,"5":7,"6":7,"7":2,"8":5,"9":19,"10":4,"11":15,"12":15,"13":7,"14":8},"f":{"0":8,"1":8,"2":19},"b":{"0":[3,5],"1":[8,8],"2":[1,7],"3":[8,8],"4":[2,5],"5":[4,15],"6":[19,8],"7":[7,8],"8":[15,13,10]},"_coverageSchema":"1a1c01bbd47fc00a2c39e90264f33305004495a9","hash":"63122fd427063874086200670cff6c979feb7c0d"}
,"/home/fabrizio/repositories/CorsoUnitTest_TDD/Invoice-Management/src/Fatture.js": {"path":"/home/fabrizio/repositories/CorsoUnitTest_TDD/Invoice-Management/src/Fatture.js","statementMap":{"0":{"start":{"line":1,"column":25},"end":{"line":1,"column":27}},"1":{"start":{"line":5,"column":8},"end":{"line":5,"column":21}},"2":{"start":{"line":6,"column":8},"end":{"line":6,"column":31}},"3":{"start":{"line":7,"column":8},"end":{"line":7,"column":31}},"4":{"start":{"line":8,"column":8},"end":{"line":8,"column":25}},"5":{"start":{"line":24,"column":4},"end":{"line":26,"column":5}},"6":{"start":{"line":25,"column":8},"end":{"line":25,"column":51}},"7":{"start":{"line":27,"column":4},"end":{"line":29,"column":5}},"8":{"start":{"line":28,"column":8},"end":{"line":28,"column":44}},"9":{"start":{"line":30,"column":4},"end":{"line":32,"column":5}},"10":{"start":{"line":31,"column":8},"end":{"line":31,"column":46}},"11":{"start":{"line":33,"column":4},"end":{"line":35,"column":5}},"12":{"start":{"line":34,"column":8},"end":{"line":34,"column":51}},"13":{"start":{"line":36,"column":4},"end":{"line":36,"column":35}},"14":{"start":{"line":37,"column":4},"end":{"line":37,"column":19}},"15":{"start":{"line":43,"column":20},"end":{"line":43,"column":59}},"16":{"start":{"line":43,"column":47},"end":{"line":43,"column":58}},"17":{"start":{"line":44,"column":4},"end":{"line":44,"column":30}},"18":{"start":{"line":44,"column":18},"end":{"line":44,"column":30}},"19":{"start":{"line":45,"column":4},"end":{"line":45,"column":38}},"20":{"start":{"line":46,"column":4},"end":{"line":46,"column":19}},"21":{"start":{"line":50,"column":19},"end":{"line":50,"column":63}},"22":{"start":{"line":50,"column":51},"end":{"line":50,"column":62}},"23":{"start":{"line":51,"column":4},"end":{"line":51,"column":36}},"24":{"start":{"line":51,"column":23},"end":{"line":51,"column":36}},"25":{"start":{"line":52,"column":4},"end":{"line":52,"column":39}},"26":{"start":{"line":53,"column":4},"end":{"line":53,"column":16}},"27":{"start":{"line":57,"column":4},"end":{"line":57,"column":28}},"28":{"start":{"line":61,"column":0},"end":{"line":61,"column":114}}},"fnMap":{"0":{"name":"(anonymous_0)","decl":{"start":{"line":4,"column":4},"end":{"line":4,"column":5}},"loc":{"start":{"line":4,"column":44},"end":{"line":9,"column":5}},"line":4},"1":{"name":"aggiungiFattura","decl":{"start":{"line":23,"column":9},"end":{"line":23,"column":24}},"loc":{"start":{"line":23,"column":34},"end":{"line":38,"column":1}},"line":23},"2":{"name":"modificaFattura","decl":{"start":{"line":42,"column":9},"end":{"line":42,"column":24}},"loc":{"start":{"line":42,"column":40},"end":{"line":47,"column":1}},"line":42},"3":{"name":"(anonymous_3)","decl":{"start":{"line":43,"column":42},"end":{"line":43,"column":43}},"loc":{"start":{"line":43,"column":47},"end":{"line":43,"column":58}},"line":43},"4":{"name":"eliminaFattura","decl":{"start":{"line":49,"column":9},"end":{"line":49,"column":23}},"loc":{"start":{"line":49,"column":28},"end":{"line":54,"column":1}},"line":49},"5":{"name":"(anonymous_5)","decl":{"start":{"line":50,"column":46},"end":{"line":50,"column":47}},"loc":{"start":{"line":50,"column":51},"end":{"line":50,"column":62}},"line":50},"6":{"name":"recuperaFatture","decl":{"start":{"line":56,"column":9},"end":{"line":56,"column":24}},"loc":{"start":{"line":56,"column":27},"end":{"line":58,"column":1}},"line":56}},"branchMap":{"0":{"loc":{"start":{"line":24,"column":4},"end":{"line":26,"column":5}},"type":"if","locations":[{"start":{"line":24,"column":4},"end":{"line":26,"column":5}},{"start":{},"end":{}}],"line":24},"1":{"loc":{"start":{"line":27,"column":4},"end":{"line":29,"column":5}},"type":"if","locations":[{"start":{"line":27,"column":4},"end":{"line":29,"column":5}},{"start":{},"end":{}}],"line":27},"2":{"loc":{"start":{"line":30,"column":4},"end":{"line":32,"column":5}},"type":"if","locations":[{"start":{"line":30,"column":4},"end":{"line":32,"column":5}},{"start":{},"end":{}}],"line":30},"3":{"loc":{"start":{"line":33,"column":4},"end":{"line":35,"column":5}},"type":"if","locations":[{"start":{"line":33,"column":4},"end":{"line":35,"column":5}},{"start":{},"end":{}}],"line":33},"4":{"loc":{"start":{"line":44,"column":4},"end":{"line":44,"column":30}},"type":"if","locations":[{"start":{"line":44,"column":4},"end":{"line":44,"column":30}},{"start":{},"end":{}}],"line":44},"5":{"loc":{"start":{"line":51,"column":4},"end":{"line":51,"column":36}},"type":"if","locations":[{"start":{"line":51,"column":4},"end":{"line":51,"column":36}},{"start":{},"end":{}}],"line":51}},"s":{"0":1,"1":10,"2":10,"3":10,"4":10,"5":10,"6":2,"7":8,"8":0,"9":8,"10":2,"11":6,"12":1,"13":5,"14":5,"15":1,"16":1,"17":1,"18":0,"19":1,"20":1,"21":1,"22":1,"23":1,"24":0,"25":1,"26":1,"27":4,"28":1},"f":{"0":10,"1":10,"2":1,"3":1,"4":1,"5":1,"6":4},"b":{"0":[2,8],"1":[0,8],"2":[2,6],"3":[1,5],"4":[0,1],"5":[0,1]},"_coverageSchema":"1a1c01bbd47fc00a2c39e90264f33305004495a9","hash":"78a600dca179eed2979ef78aeb2333d00a3364a4"}
,"/home/fabrizio/repositories/CorsoUnitTest_TDD/Statistica/src/UnitTestLibrary.js": {"path":"/home/fabrizio/repositories/CorsoUnitTest_TDD/Statistica/src/UnitTestLibrary.js","statementMap":{"0":{"start":{"line":9,"column":4},"end":{"line":9,"column":35}},"1":{"start":{"line":9,"column":26},"end":{"line":9,"column":35}},"2":{"start":{"line":10,"column":18},"end":{"line":10,"column":56}},"3":{"start":{"line":10,"column":43},"end":{"line":10,"column":52}},"4":{"start":{"line":11,"column":4},"end":{"line":11,"column":30}},"5":{"start":{"line":16,"column":4},"end":{"line":16,"column":37}},"6":{"start":{"line":16,"column":28},"end":{"line":16,"column":37}},"7":{"start":{"line":18,"column":24},"end":{"line":18,"column":56}},"8":{"start":{"line":18,"column":50},"end":{"line":18,"column":55}},"9":{"start":{"line":19,"column":19},"end":{"line":19,"column":53}},"10":{"start":{"line":21,"column":4},"end":{"line":27,"column":5}},"11":{"start":{"line":23,"column":8},"end":{"line":23,"column":67}},"12":{"start":{"line":26,"column":8},"end":{"line":26,"column":35}},"13":{"start":{"line":32,"column":4},"end":{"line":32,"column":40}},"14":{"start":{"line":32,"column":28},"end":{"line":32,"column":40}},"15":{"start":{"line":33,"column":17},"end":{"line":33,"column":19}},"16":{"start":{"line":34,"column":4},"end":{"line":34,"column":59}},"17":{"start":{"line":34,"column":25},"end":{"line":34,"column":57}},"18":{"start":{"line":35,"column":20},"end":{"line":35,"column":52}},"19":{"start":{"line":36,"column":17},"end":{"line":36,"column":69}},"20":{"start":{"line":36,"column":47},"end":{"line":36,"column":68}},"21":{"start":{"line":37,"column":4},"end":{"line":37,"column":28}},"22":{"start":{"line":42,"column":4},"end":{"line":42,"column":32}},"23":{"start":{"line":42,"column":23},"end":{"line":42,"column":32}},"24":{"start":{"line":43,"column":18},"end":{"line":43,"column":73}},"25":{"start":{"line":43,"column":45},"end":{"line":43,"column":54}},"26":{"start":{"line":44,"column":4},"end":{"line":44,"column":88}},"27":{"start":{"line":44,"column":38},"end":{"line":44,"column":68}},"28":{"start":{"line":48,"column":21},"end":{"line":48,"column":43}},"29":{"start":{"line":49,"column":4},"end":{"line":49,"column":31}},"30":{"start":{"line":54,"column":0},"end":{"line":60,"column":2}}},"fnMap":{"0":{"name":"calcolaMedia","decl":{"start":{"line":8,"column":9},"end":{"line":8,"column":21}},"loc":{"start":{"line":8,"column":27},"end":{"line":12,"column":1}},"line":8},"1":{"name":"(anonymous_1)","decl":{"start":{"line":10,"column":29},"end":{"line":10,"column":30}},"loc":{"start":{"line":10,"column":43},"end":{"line":10,"column":52}},"line":10},"2":{"name":"calcolaMediana","decl":{"start":{"line":15,"column":9},"end":{"line":15,"column":23}},"loc":{"start":{"line":15,"column":31},"end":{"line":28,"column":1}},"line":15},"3":{"name":"(anonymous_3)","decl":{"start":{"line":18,"column":40},"end":{"line":18,"column":41}},"loc":{"start":{"line":18,"column":50},"end":{"line":18,"column":55}},"line":18},"4":{"name":"calcolaModa","decl":{"start":{"line":31,"column":9},"end":{"line":31,"column":20}},"loc":{"start":{"line":31,"column":28},"end":{"line":38,"column":1}},"line":31},"5":{"name":"(anonymous_5)","decl":{"start":{"line":34,"column":18},"end":{"line":34,"column":19}},"loc":{"start":{"line":34,"column":25},"end":{"line":34,"column":57}},"line":34},"6":{"name":"(anonymous_6)","decl":{"start":{"line":36,"column":40},"end":{"line":36,"column":41}},"loc":{"start":{"line":36,"column":47},"end":{"line":36,"column":68}},"line":36},"7":{"name":"calcolaVarianza","decl":{"start":{"line":41,"column":9},"end":{"line":41,"column":24}},"loc":{"start":{"line":41,"column":32},"end":{"line":45,"column":1}},"line":41},"8":{"name":"(anonymous_8)","decl":{"start":{"line":43,"column":31},"end":{"line":43,"column":32}},"loc":{"start":{"line":43,"column":45},"end":{"line":43,"column":54}},"line":43},"9":{"name":"(anonymous_9)","decl":{"start":{"line":44,"column":24},"end":{"line":44,"column":25}},"loc":{"start":{"line":44,"column":38},"end":{"line":44,"column":68}},"line":44},"10":{"name":"calcolaDeviazioneStandard","decl":{"start":{"line":47,"column":9},"end":{"line":47,"column":34}},"loc":{"start":{"line":47,"column":42},"end":{"line":50,"column":1}},"line":47}},"branchMap":{"0":{"loc":{"start":{"line":9,"column":4},"end":{"line":9,"column":35}},"type":"if","locations":[{"start":{"line":9,"column":4},"end":{"line":9,"column":35}},{"start":{},"end":{}}],"line":9},"1":{"loc":{"start":{"line":16,"column":4},"end":{"line":16,"column":37}},"type":"if","locations":[{"start":{"line":16,"column":4},"end":{"line":16,"column":37}},{"start":{},"end":{}}],"line":16},"2":{"loc":{"start":{"line":21,"column":4},"end":{"line":27,"column":5}},"type":"if","locations":[{"start":{"line":21,"column":4},"end":{"line":27,"column":5}},{"start":{"line":24,"column":11},"end":{"line":27,"column":5}}],"line":21},"3":{"loc":{"start":{"line":32,"column":4},"end":{"line":32,"column":40}},"type":"if","locations":[{"start":{"line":32,"column":4},"end":{"line":32,"column":40}},{"start":{},"end":{}}],"line":32},"4":{"loc":{"start":{"line":34,"column":38},"end":{"line":34,"column":52}},"type":"binary-expr","locations":[{"start":{"line":34,"column":38},"end":{"line":34,"column":47}},{"start":{"line":34,"column":51},"end":{"line":34,"column":52}}],"line":34},"5":{"loc":{"start":{"line":42,"column":4},"end":{"line":42,"column":32}},"type":"if","locations":[{"start":{"line":42,"column":4},"end":{"line":42,"column":32}},{"start":{},"end":{}}],"line":42}},"s":{"0":5,"1":1,"2":4,"3":14,"4":4,"5":5,"6":1,"7":4,"8":13,"9":4,"10":4,"11":1,"12":3,"13":4,"14":1,"15":3,"16":3,"17":15,"18":3,"19":3,"20":6,"21":3,"22":2,"23":0,"24":2,"25":6,"26":2,"27":6,"28":1,"29":1,"30":1},"f":{"0":5,"1":14,"2":5,"3":13,"4":4,"5":15,"6":6,"7":2,"8":6,"9":6,"10":1},"b":{"0":[1,4],"1":[1,4],"2":[1,3],"3":[1,3],"4":[15,7],"5":[0,2]},"_coverageSchema":"1a1c01bbd47fc00a2c39e90264f33305004495a9","hash":"1d9073dedbfb2fcfab5990aef95641c8f06d93b0"}
,"/home/fabrizio/repositories/CorsoUnitTest_TDD/To-Do-List/src/TodoList.js": {"path":"/home/fabrizio/repositories/CorsoUnitTest_TDD/To-Do-List/src/TodoList.js","statementMap":{"0":{"start":{"line":46,"column":6},"end":{"line":46,"column":22}},"1":{"start":{"line":47,"column":6},"end":{"line":47,"column":22}},"2":{"start":{"line":52,"column":26},"end":{"line":52,"column":37}},"3":{"start":{"line":53,"column":6},"end":{"line":56,"column":7}},"4":{"start":{"line":55,"column":8},"end":{"line":55,"column":15}},"5":{"start":{"line":58,"column":19},"end":{"line":62,"column":7}},"6":{"start":{"line":63,"column":6},"end":{"line":63,"column":28}},"7":{"start":{"line":68,"column":6},"end":{"line":68,"column":29}},"8":{"start":{"line":73,"column":28},"end":{"line":73,"column":45}},"9":{"start":{"line":74,"column":6},"end":{"line":74,"column":63}},"10":{"start":{"line":74,"column":47},"end":{"line":74,"column":61}},"11":{"start":{"line":76,"column":6},"end":{"line":78,"column":7}},"12":{"start":{"line":83,"column":19},"end":{"line":83,"column":41}},"13":{"start":{"line":84,"column":6},"end":{"line":87,"column":7}},"14":{"start":{"line":86,"column":8},"end":{"line":86,"column":15}},"15":{"start":{"line":88,"column":6},"end":{"line":88,"column":28}},"16":{"start":{"line":93,"column":6},"end":{"line":93,"column":55}},"17":{"start":{"line":93,"column":39},"end":{"line":93,"column":53}},"18":{"start":{"line":97,"column":2},"end":{"line":97,"column":28}}},"fnMap":{"0":{"name":"(anonymous_0)","decl":{"start":{"line":45,"column":4},"end":{"line":45,"column":5}},"loc":{"start":{"line":45,"column":18},"end":{"line":48,"column":5}},"line":45},"1":{"name":"(anonymous_1)","decl":{"start":{"line":51,"column":4},"end":{"line":51,"column":5}},"loc":{"start":{"line":51,"column":18},"end":{"line":64,"column":5}},"line":51},"2":{"name":"(anonymous_2)","decl":{"start":{"line":67,"column":4},"end":{"line":67,"column":5}},"loc":{"start":{"line":67,"column":15},"end":{"line":69,"column":5}},"line":67},"3":{"name":"(anonymous_3)","decl":{"start":{"line":72,"column":4},"end":{"line":72,"column":5}},"loc":{"start":{"line":72,"column":19},"end":{"line":79,"column":5}},"line":72},"4":{"name":"(anonymous_4)","decl":{"start":{"line":74,"column":37},"end":{"line":74,"column":38}},"loc":{"start":{"line":74,"column":47},"end":{"line":74,"column":61}},"line":74},"5":{"name":"(anonymous_5)","decl":{"start":{"line":82,"column":4},"end":{"line":82,"column":5}},"loc":{"start":{"line":82,"column":28},"end":{"line":89,"column":5}},"line":82},"6":{"name":"(anonymous_6)","decl":{"start":{"line":92,"column":4},"end":{"line":92,"column":5}},"loc":{"start":{"line":92,"column":22},"end":{"line":94,"column":5}},"line":92},"7":{"name":"(anonymous_7)","decl":{"start":{"line":93,"column":29},"end":{"line":93,"column":30}},"loc":{"start":{"line":93,"column":39},"end":{"line":93,"column":53}},"line":93}},"branchMap":{"0":{"loc":{"start":{"line":53,"column":6},"end":{"line":56,"column":7}},"type":"if","locations":[{"start":{"line":53,"column":6},"end":{"line":56,"column":7}},{"start":{},"end":{}}],"line":53},"1":{"loc":{"start":{"line":76,"column":6},"end":{"line":78,"column":7}},"type":"if","locations":[{"start":{"line":76,"column":6},"end":{"line":78,"column":7}},{"start":{},"end":{}}],"line":76},"2":{"loc":{"start":{"line":84,"column":6},"end":{"line":87,"column":7}},"type":"if","locations":[{"start":{"line":84,"column":6},"end":{"line":87,"column":7}},{"start":{},"end":{}}],"line":84}},"s":{"0":6,"1":6,"2":6,"3":6,"4":1,"5":5,"6":5,"7":8,"8":2,"9":2,"10":2,"11":2,"12":2,"13":2,"14":1,"15":1,"16":2,"17":2,"18":1},"f":{"0":6,"1":6,"2":8,"3":2,"4":2,"5":2,"6":2,"7":2},"b":{"0":[1,5],"1":[1,1],"2":[1,1]},"_coverageSchema":"1a1c01bbd47fc00a2c39e90264f33305004495a9","hash":"f08f915e425b4ee913af3642aa6ea0b269b11db5"}
,"/home/fabrizio/repositories/CorsoUnitTest_TDD/Todo-app/src/todo.js": {"path":"/home/fabrizio/repositories/CorsoUnitTest_TDD/Todo-app/src/todo.js","statementMap":{"0":{"start":{"line":2,"column":4},"end":{"line":2,"column":40}},"1":{"start":{"line":2,"column":27},"end":{"line":2,"column":40}},"2":{"start":{"line":3,"column":4},"end":{"line":3,"column":43}},"3":{"start":{"line":4,"column":4},"end":{"line":4,"column":17}},"4":{"start":{"line":8,"column":4},"end":{"line":10,"column":5}},"5":{"start":{"line":9,"column":8},"end":{"line":9,"column":31}},"6":{"start":{"line":12,"column":4},"end":{"line":12,"column":17}},"7":{"start":{"line":16,"column":4},"end":{"line":18,"column":5}},"8":{"start":{"line":17,"column":8},"end":{"line":17,"column":38}},"9":{"start":{"line":19,"column":4},"end":{"line":19,"column":17}}},"fnMap":{"0":{"name":"addTask","decl":{"start":{"line":1,"column":16},"end":{"line":1,"column":23}},"loc":{"start":{"line":1,"column":37},"end":{"line":5,"column":1}},"line":1},"1":{"name":"removeTask","decl":{"start":{"line":7,"column":16},"end":{"line":7,"column":26}},"loc":{"start":{"line":7,"column":41},"end":{"line":13,"column":1}},"line":7},"2":{"name":"markTaskCompleted","decl":{"start":{"line":15,"column":16},"end":{"line":15,"column":33}},"loc":{"start":{"line":15,"column":48},"end":{"line":20,"column":1}},"line":15}},"branchMap":{"0":{"loc":{"start":{"line":2,"column":4},"end":{"line":2,"column":40}},"type":"if","locations":[{"start":{"line":2,"column":4},"end":{"line":2,"column":40}},{"start":{},"end":{}}],"line":2},"1":{"loc":{"start":{"line":8,"column":4},"end":{"line":10,"column":5}},"type":"if","locations":[{"start":{"line":8,"column":4},"end":{"line":10,"column":5}},{"start":{},"end":{}}],"line":8},"2":{"loc":{"start":{"line":8,"column":8},"end":{"line":8,"column":42}},"type":"binary-expr","locations":[{"start":{"line":8,"column":8},"end":{"line":8,"column":18}},{"start":{"line":8,"column":22},"end":{"line":8,"column":42}}],"line":8},"3":{"loc":{"start":{"line":16,"column":4},"end":{"line":18,"column":5}},"type":"if","locations":[{"start":{"line":16,"column":4},"end":{"line":18,"column":5}},{"start":{},"end":{}}],"line":16},"4":{"loc":{"start":{"line":16,"column":8},"end":{"line":16,"column":42}},"type":"binary-expr","locations":[{"start":{"line":16,"column":8},"end":{"line":16,"column":18}},{"start":{"line":16,"column":22},"end":{"line":16,"column":42}}],"line":16}},"s":{"0":1,"1":0,"2":1,"3":1,"4":2,"5":1,"6":2,"7":3,"8":2,"9":3},"f":{"0":1,"1":2,"2":3},"b":{"0":[0,1],"1":[1,1],"2":[2,2],"3":[2,1],"4":[3,3]},"_coverageSchema":"1a1c01bbd47fc00a2c39e90264f33305004495a9","hash":"9241c012340e49c6a1249141f4d7e6bd596f5301"}
,"/home/fabrizio/repositories/CorsoUnitTest_TDD/WeatherApp/src/weatherApp.js": {"path":"/home/fabrizio/repositories/CorsoUnitTest_TDD/WeatherApp/src/weatherApp.js","statementMap":{"0":{"start":{"line":9,"column":2},"end":{"line":9,"column":45}},"1":{"start":{"line":9,"column":32},"end":{"line":9,"column":45}},"2":{"start":{"line":11,"column":22},"end":{"line":11,"column":33}},"3":{"start":{"line":12,"column":2},"end":{"line":12,"column":45}},"4":{"start":{"line":12,"column":32},"end":{"line":12,"column":45}},"5":{"start":{"line":15,"column":16},"end":{"line":15,"column":40}},"6":{"start":{"line":16,"column":2},"end":{"line":16,"column":33}},"7":{"start":{"line":19,"column":16},"end":{"line":19,"column":50}},"8":{"start":{"line":31,"column":14},"end":{"line":31,"column":132}},"9":{"start":{"line":33,"column":2},"end":{"line":109,"column":3}},"10":{"start":{"line":34,"column":21},"end":{"line":34,"column":37}},"11":{"start":{"line":36,"column":4},"end":{"line":38,"column":5}},"12":{"start":{"line":37,"column":6},"end":{"line":37,"column":43}},"13":{"start":{"line":40,"column":17},"end":{"line":40,"column":38}},"14":{"start":{"line":43,"column":4},"end":{"line":45,"column":5}},"15":{"start":{"line":44,"column":6},"end":{"line":44,"column":61}},"16":{"start":{"line":48,"column":24},"end":{"line":48,"column":36}},"17":{"start":{"line":49,"column":20},"end":{"line":56,"column":5}},"18":{"start":{"line":59,"column":21},"end":{"line":59,"column":23}},"19":{"start":{"line":60,"column":24},"end":{"line":60,"column":79}},"20":{"start":{"line":63,"column":22},"end":{"line":63,"column":24}},"21":{"start":{"line":65,"column":4},"end":{"line":73,"column":7}},"22":{"start":{"line":66,"column":19},"end":{"line":66,"column":67}},"23":{"start":{"line":67,"column":6},"end":{"line":67,"column":39}},"24":{"start":{"line":67,"column":32},"end":{"line":67,"column":39}},"25":{"start":{"line":69,"column":6},"end":{"line":71,"column":7}},"26":{"start":{"line":70,"column":8},"end":{"line":70,"column":29}},"27":{"start":{"line":72,"column":6},"end":{"line":72,"column":33}},"28":{"start":{"line":76,"column":18},"end":{"line":76,"column":47}},"29":{"start":{"line":78,"column":4},"end":{"line":103,"column":5}},"30":{"start":{"line":78,"column":17},"end":{"line":78,"column":18}},"31":{"start":{"line":79,"column":19},"end":{"line":79,"column":27}},"32":{"start":{"line":80,"column":20},"end":{"line":80,"column":35}},"33":{"start":{"line":83,"column":25},"end":{"line":83,"column":27}},"34":{"start":{"line":84,"column":24},"end":{"line":84,"column":32}},"35":{"start":{"line":85,"column":20},"end":{"line":85,"column":82}},"36":{"start":{"line":87,"column":6},"end":{"line":93,"column":9}},"37":{"start":{"line":88,"column":21},"end":{"line":88,"column":76}},"38":{"start":{"line":89,"column":8},"end":{"line":92,"column":9}},"39":{"start":{"line":90,"column":10},"end":{"line":90,"column":29}},"40":{"start":{"line":91,"column":10},"end":{"line":91,"column":25}},"41":{"start":{"line":95,"column":6},"end":{"line":102,"column":9}},"42":{"start":{"line":105,"column":4},"end":{"line":105,"column":33}},"43":{"start":{"line":108,"column":4},"end":{"line":108,"column":16}},"44":{"start":{"line":117,"column":21},"end":{"line":117,"column":55}},"45":{"start":{"line":118,"column":2},"end":{"line":118,"column":26}},"46":{"start":{"line":118,"column":19},"end":{"line":118,"column":26}},"47":{"start":{"line":120,"column":18},"end":{"line":120,"column":81}},"48":{"start":{"line":123,"column":22},"end":{"line":131,"column":9}},"49":{"start":{"line":135,"column":21},"end":{"line":135,"column":66}},"50":{"start":{"line":136,"column":2},"end":{"line":149,"column":5}},"51":{"start":{"line":137,"column":28},"end":{"line":137,"column":82}},"52":{"start":{"line":139,"column":4},"end":{"line":148,"column":14}},"53":{"start":{"line":151,"column":2},"end":{"line":151,"column":52}},"54":{"start":{"line":157,"column":20},"end":{"line":157,"column":53}},"55":{"start":{"line":158,"column":2},"end":{"line":160,"column":3}},"56":{"start":{"line":159,"column":4},"end":{"line":159,"column":36}},"57":{"start":{"line":164,"column":0},"end":{"line":169,"column":2}}},"fnMap":{"0":{"name":"validateCityName","decl":{"start":{"line":8,"column":9},"end":{"line":8,"column":25}},"loc":{"start":{"line":8,"column":32},"end":{"line":17,"column":1}},"line":8},"1":{"name":"fetchWeatherData","decl":{"start":{"line":30,"column":15},"end":{"line":30,"column":31}},"loc":{"start":{"line":30,"column":38},"end":{"line":110,"column":1}},"line":30},"2":{"name":"(anonymous_2)","decl":{"start":{"line":65,"column":22},"end":{"line":65,"column":23}},"loc":{"start":{"line":65,"column":30},"end":{"line":73,"column":5}},"line":65},"3":{"name":"(anonymous_3)","decl":{"start":{"line":87,"column":20},"end":{"line":87,"column":21}},"loc":{"start":{"line":87,"column":28},"end":{"line":93,"column":7}},"line":87},"4":{"name":"displayWeatherData","decl":{"start":{"line":116,"column":9},"end":{"line":116,"column":27}},"loc":{"start":{"line":116,"column":34},"end":{"line":152,"column":1}},"line":116},"5":{"name":"(anonymous_5)","decl":{"start":{"line":136,"column":24},"end":{"line":136,"column":25}},"loc":{"start":{"line":136,"column":31},"end":{"line":149,"column":3}},"line":136},"6":{"name":"displayStatusMessage","decl":{"start":{"line":156,"column":9},"end":{"line":156,"column":29}},"loc":{"start":{"line":156,"column":39},"end":{"line":161,"column":1}},"line":156}},"branchMap":{"0":{"loc":{"start":{"line":9,"column":2},"end":{"line":9,"column":45}},"type":"if","locations":[{"start":{"line":9,"column":2},"end":{"line":9,"column":45}},{"start":{},"end":{}}],"line":9},"1":{"loc":{"start":{"line":12,"column":2},"end":{"line":12,"column":45}},"type":"if","locations":[{"start":{"line":12,"column":2},"end":{"line":12,"column":45}},{"start":{},"end":{}}],"line":12},"2":{"loc":{"start":{"line":36,"column":4},"end":{"line":38,"column":5}},"type":"if","locations":[{"start":{"line":36,"column":4},"end":{"line":38,"column":5}},{"start":{},"end":{}}],"line":36},"3":{"loc":{"start":{"line":43,"column":4},"end":{"line":45,"column":5}},"type":"if","locations":[{"start":{"line":43,"column":4},"end":{"line":45,"column":5}},{"start":{},"end":{}}],"line":43},"4":{"loc":{"start":{"line":43,"column":8},"end":{"line":43,"column":39}},"type":"binary-expr","locations":[{"start":{"line":43,"column":8},"end":{"line":43,"column":18}},{"start":{"line":43,"column":22},"end":{"line":43,"column":39}}],"line":43},"5":{"loc":{"start":{"line":67,"column":6},"end":{"line":67,"column":39}},"type":"if","locations":[{"start":{"line":67,"column":6},"end":{"line":67,"column":39}},{"start":{},"end":{}}],"line":67},"6":{"loc":{"start":{"line":69,"column":6},"end":{"line":71,"column":7}},"type":"if","locations":[{"start":{"line":69,"column":6},"end":{"line":71,"column":7}},{"start":{},"end":{}}],"line":69},"7":{"loc":{"start":{"line":89,"column":8},"end":{"line":92,"column":9}},"type":"if","locations":[{"start":{"line":89,"column":8},"end":{"line":92,"column":9}},{"start":{},"end":{}}],"line":89},"8":{"loc":{"start":{"line":118,"column":2},"end":{"line":118,"column":26}},"type":"if","locations":[{"start":{"line":118,"column":2},"end":{"line":118,"column":26}},{"start":{},"end":{}}],"line":118},"9":{"loc":{"start":{"line":158,"column":2},"end":{"line":160,"column":3}},"type":"if","locations":[{"start":{"line":158,"column":2},"end":{"line":160,"column":3}},{"start":{},"end":{}}],"line":158}},"s":{"0":9,"1":0,"2":9,"3":9,"4":2,"5":7,"6":7,"7":1,"8":0,"9":0,"10":0,"11":0,"12":0,"13":0,"14":0,"15":0,"16":0,"17":0,"18":0,"19":0,"20":0,"21":0,"22":0,"23":0,"24":0,"25":0,"26":0,"27":0,"28":0,"29":0,"30":0,"31":0,"32":0,"33":0,"34":0,"35":0,"36":0,"37":0,"38":0,"39":0,"40":0,"41":0,"42":0,"43":0,"44":2,"45":2,"46":0,"47":2,"48":2,"49":2,"50":2,"51":6,"52":6,"53":2,"54":2,"55":2,"56":2,"57":1},"f":{"0":9,"1":0,"2":0,"3":0,"4":2,"5":6,"6":2},"b":{"0":[0,9],"1":[2,7],"2":[0,0],"3":[0,0],"4":[0,0],"5":[0,0],"6":[0,0],"7":[0,0],"8":[0,2],"9":[2,0]},"_coverageSchema":"1a1c01bbd47fc00a2c39e90264f33305004495a9","hash":"c95fca0473452edb9104e43c0dd065f099b86d1a"}
}
