{"/home/fabrizio/repositories/CorsoUnitTest_TDD/Todo-app/src/todo.js": {"path":"/home/fabrizio/repositories/CorsoUnitTest_TDD/Todo-app/src/todo.js","statementMap":{"0":{"start":{"line":46,"column":8},"end":{"line":46,"column":24}},"1":{"start":{"line":47,"column":8},"end":{"line":47,"column":24}},"2":{"start":{"line":52,"column":28},"end":{"line":52,"column":39}},"3":{"start":{"line":53,"column":8},"end":{"line":56,"column":9}},"4":{"start":{"line":55,"column":12},"end":{"line":55,"column":19}},"5":{"start":{"line":58,"column":21},"end":{"line":62,"column":9}},"6":{"start":{"line":63,"column":8},"end":{"line":63,"column":30}},"7":{"start":{"line":68,"column":8},"end":{"line":68,"column":31}},"8":{"start":{"line":73,"column":30},"end":{"line":73,"column":47}},"9":{"start":{"line":74,"column":8},"end":{"line":74,"column":65}},"10":{"start":{"line":74,"column":49},"end":{"line":74,"column":63}},"11":{"start":{"line":76,"column":8},"end":{"line":78,"column":9}},"12":{"start":{"line":83,"column":21},"end":{"line":83,"column":43}},"13":{"start":{"line":84,"column":8},"end":{"line":87,"column":9}},"14":{"start":{"line":86,"column":12},"end":{"line":86,"column":19}},"15":{"start":{"line":88,"column":8},"end":{"line":88,"column":30}},"16":{"start":{"line":93,"column":8},"end":{"line":93,"column":57}},"17":{"start":{"line":93,"column":41},"end":{"line":93,"column":55}}},"fnMap":{"0":{"name":"(anonymous_0)","decl":{"start":{"line":45,"column":4},"end":{"line":45,"column":5}},"loc":{"start":{"line":45,"column":18},"end":{"line":48,"column":5}},"line":45},"1":{"name":"(anonymous_1)","decl":{"start":{"line":51,"column":4},"end":{"line":51,"column":5}},"loc":{"start":{"line":51,"column":18},"end":{"line":64,"column":5}},"line":51},"2":{"name":"(anonymous_2)","decl":{"start":{"line":67,"column":4},"end":{"line":67,"column":5}},"loc":{"start":{"line":67,"column":15},"end":{"line":69,"column":5}},"line":67},"3":{"name":"(anonymous_3)","decl":{"start":{"line":72,"column":4},"end":{"line":72,"column":5}},"loc":{"start":{"line":72,"column":19},"end":{"line":79,"column":5}},"line":72},"4":{"name":"(anonymous_4)","decl":{"start":{"line":74,"column":39},"end":{"line":74,"column":40}},"loc":{"start":{"line":74,"column":49},"end":{"line":74,"column":63}},"line":74},"5":{"name":"(anonymous_5)","decl":{"start":{"line":82,"column":4},"end":{"line":82,"column":5}},"loc":{"start":{"line":82,"column":28},"end":{"line":89,"column":5}},"line":82},"6":{"name":"(anonymous_6)","decl":{"start":{"line":92,"column":4},"end":{"line":92,"column":5}},"loc":{"start":{"line":92,"column":22},"end":{"line":94,"column":5}},"line":92},"7":{"name":"(anonymous_7)","decl":{"start":{"line":93,"column":31},"end":{"line":93,"column":32}},"loc":{"start":{"line":93,"column":41},"end":{"line":93,"column":55}},"line":93}},"branchMap":{"0":{"loc":{"start":{"line":53,"column":8},"end":{"line":56,"column":9}},"type":"if","locations":[{"start":{"line":53,"column":8},"end":{"line":56,"column":9}},{"start":{},"end":{}}],"line":53},"1":{"loc":{"start":{"line":76,"column":8},"end":{"line":78,"column":9}},"type":"if","locations":[{"start":{"line":76,"column":8},"end":{"line":78,"column":9}},{"start":{},"end":{}}],"line":76},"2":{"loc":{"start":{"line":84,"column":8},"end":{"line":87,"column":9}},"type":"if","locations":[{"start":{"line":84,"column":8},"end":{"line":87,"column":9}},{"start":{},"end":{}}],"line":84}},"s":{"0":6,"1":6,"2":6,"3":6,"4":1,"5":5,"6":5,"7":8,"8":2,"9":2,"10":2,"11":2,"12":2,"13":2,"14":1,"15":1,"16":2,"17":2},"f":{"0":6,"1":6,"2":8,"3":2,"4":2,"5":2,"6":2,"7":2},"b":{"0":[1,5],"1":[1,1],"2":[1,1]},"_coverageSchema":"1a1c01bbd47fc00a2c39e90264f33305004495a9","hash":"dde6c4fbb4df3b8ade0e9db94d9f2e795d97fa84"}
}
