TN:
SF:Booking/src/booking.js
FN:1,searchAvailableRooms
FN:2,(anonymous_1)
FN:5,bookRoom
FN:6,(anonymous_3)
FNF:4
FNH:4
FNDA:1,searchAvailableRooms
FNDA:2,(anonymous_1)
FNDA:1,bookRoom
FNDA:1,(anonymous_3)
DA:2,2
DA:6,1
DA:7,1
DA:8,1
DA:10,0
LF:5
LH:4
BRDA:7,0,0,1
BRDA:7,0,1,0
BRDA:7,1,0,1
BRDA:7,1,1,1
BRF:4
BRH:3
end_of_record
TN:
SF:Component/src/components/SearchBar.jsx
FN:4,(anonymous_0)
FN:9,(anonymous_1)
FN:21,(anonymous_2)
FN:25,(anonymous_3)
FNF:4
FNH:4
FNDA:29,(anonymous_0)
FNDA:20,(anonymous_1)
FNDA:9,(anonymous_2)
FNDA:146,(anonymous_3)
DA:4,2
DA:5,29
DA:6,29
DA:8,29
DA:9,20
DA:13,29
DA:21,9
DA:25,146
LF:8
LH:8
BRDA:4,0,0,0
BRDA:24,1,0,27
BRDA:24,1,1,2
BRF:3
BRH:2
end_of_record
TN:
SF:Component/src/utils/searchUtils.js
FN:1,(anonymous_0)
FN:5,(anonymous_1)
FN:7,(anonymous_2)
FNF:3
FNH:3
FNDA:20,(anonymous_0)
FNDA:120,(anonymous_1)
FNDA:174,(anonymous_2)
DA:1,2
DA:2,20
DA:4,20
DA:5,120
DA:7,174
DA:9,20
LF:6
LH:6
BRDA:1,0,0,0
BRDA:1,1,0,0
BRDA:2,2,0,0
BRDA:2,2,1,20
BRDA:9,3,0,20
BRDA:9,3,1,0
BRDA:9,4,0,20
BRDA:9,4,1,20
BRF:8
BRH:4
end_of_record
TN:
SF:E-commerce/src/cart.js
FN:2,(anonymous_0)
FN:6,(anonymous_1)
FN:30,(anonymous_2)
FN:44,(anonymous_3)
FN:45,(anonymous_4)
FN:54,(anonymous_5)
FN:56,(anonymous_6)
FN:66,(anonymous_7)
FNF:8
FNH:8
FNDA:17,(anonymous_0)
FNDA:21,(anonymous_1)
FNDA:10,(anonymous_2)
FNDA:3,(anonymous_3)
FNDA:2,(anonymous_4)
FNDA:5,(anonymous_5)
FNDA:10,(anonymous_6)
FNDA:2,(anonymous_7)
DA:3,17
DA:7,21
DA:8,1
DA:10,20
DA:11,1
DA:13,19
DA:14,0
DA:16,19
DA:17,0
DA:19,19
DA:20,1
DA:23,18
DA:24,1
DA:26,17
DA:31,10
DA:32,1
DA:34,9
DA:35,2
DA:37,7
DA:38,5
DA:40,2
DA:45,3
DA:55,5
DA:56,10
DA:60,5
DA:61,1
DA:63,5
DA:67,2
DA:71,2
LF:29
LH:27
BRDA:7,0,0,1
BRDA:7,0,1,20
BRDA:7,1,0,21
BRDA:7,1,1,21
BRDA:10,2,0,1
BRDA:10,2,1,19
BRDA:10,3,0,20
BRDA:10,3,1,20
BRDA:13,4,0,0
BRDA:13,4,1,19
BRDA:16,5,0,0
BRDA:16,5,1,19
BRDA:19,6,0,1
BRDA:19,6,1,18
BRDA:23,7,0,1
BRDA:23,7,1,17
BRDA:31,8,0,1
BRDA:31,8,1,9
BRDA:31,9,0,10
BRDA:31,9,1,10
BRDA:31,9,2,10
BRDA:34,10,0,2
BRDA:34,10,1,7
BRDA:37,11,0,5
BRDA:37,11,1,2
BRDA:60,12,0,1
BRDA:60,12,1,4
BRF:27
BRH:25
end_of_record
TN:
SF:E-commerce/src/product.js
FN:2,(anonymous_0)
FNF:1
FNH:1
FNDA:2,(anonymous_0)
DA:3,2
DA:4,0
DA:6,2
DA:7,0
DA:9,2
DA:10,0
DA:12,2
DA:13,0
DA:15,2
DA:16,2
DA:17,2
DA:18,2
DA:22,1
LF:13
LH:9
BRDA:2,0,0,0
BRDA:3,1,0,0
BRDA:3,1,1,2
BRDA:6,2,0,0
BRDA:6,2,1,2
BRDA:6,3,0,2
BRDA:6,3,1,2
BRDA:9,4,0,0
BRDA:9,4,1,2
BRDA:12,5,0,0
BRDA:12,5,1,2
BRF:11
BRH:6
end_of_record
TN:
SF:Form/src/form.js
FN:3,sendRegistration
FN:26,handleFormSubmit
FNF:2
FNH:2
FNDA:6,sendRegistration
FNDA:4,handleFormSubmit
DA:4,6
DA:10,6
DA:11,4
DA:12,4
DA:13,4
DA:14,3
DA:15,2
DA:20,4
DA:22,2
DA:27,4
DA:29,4
DA:30,4
DA:32,4
DA:33,4
DA:35,4
DA:36,4
DA:38,4
DA:39,1
DA:42,3
DA:43,3
DA:44,1
DA:46,2
LF:22
LH:22
BRDA:10,0,0,4
BRDA:10,0,1,2
BRDA:14,1,0,2
BRDA:14,1,1,1
BRDA:30,2,0,1
BRDA:30,2,1,3
BRDA:33,3,0,1
BRDA:33,3,1,3
BRDA:36,4,0,1
BRDA:36,4,1,3
BRDA:38,5,0,1
BRDA:38,5,1,3
BRF:12
BRH:12
end_of_record
TN:
SF:Form/src/validation.js
FN:1,validateName
FN:8,validateEmail
FN:22,validateParticipants
FNF:3
FNH:3
FNDA:8,validateName
FNDA:8,validateEmail
FNDA:19,validateParticipants
DA:2,8
DA:3,3
DA:5,5
DA:9,8
DA:10,1
DA:13,7
DA:14,7
DA:15,2
DA:18,5
DA:23,19
DA:24,4
DA:26,15
DA:27,15
DA:28,7
DA:30,8
LF:15
LH:15
BRDA:2,0,0,3
BRDA:2,0,1,5
BRDA:2,1,0,8
BRDA:2,1,1,8
BRDA:9,2,0,1
BRDA:9,2,1,7
BRDA:9,3,0,8
BRDA:9,3,1,8
BRDA:14,4,0,2
BRDA:14,4,1,5
BRDA:23,5,0,4
BRDA:23,5,1,15
BRDA:23,6,0,19
BRDA:23,6,1,8
BRDA:27,7,0,7
BRDA:27,7,1,8
BRDA:27,8,0,15
BRDA:27,8,1,13
BRDA:27,8,2,10
BRF:19
BRH:19
end_of_record
TN:
SF:Invoice-Management/src/Fatture.js
FN:4,(anonymous_0)
FN:23,aggiungiFattura
FN:42,modificaFattura
FN:43,(anonymous_3)
FN:49,eliminaFattura
FN:50,(anonymous_5)
FN:56,recuperaFatture
FNF:7
FNH:7
FNDA:10,(anonymous_0)
FNDA:10,aggiungiFattura
FNDA:1,modificaFattura
FNDA:1,(anonymous_3)
FNDA:1,eliminaFattura
FNDA:1,(anonymous_5)
FNDA:4,recuperaFatture
DA:1,1
DA:5,10
DA:6,10
DA:7,10
DA:8,10
DA:24,10
DA:25,2
DA:27,8
DA:28,0
DA:30,8
DA:31,2
DA:33,6
DA:34,1
DA:36,5
DA:37,5
DA:43,1
DA:44,1
DA:45,1
DA:46,1
DA:50,1
DA:51,1
DA:52,1
DA:53,1
DA:57,4
DA:61,1
LF:25
LH:24
BRDA:24,0,0,2
BRDA:24,0,1,8
BRDA:27,1,0,0
BRDA:27,1,1,8
BRDA:30,2,0,2
BRDA:30,2,1,6
BRDA:33,3,0,1
BRDA:33,3,1,5
BRDA:44,4,0,0
BRDA:44,4,1,1
BRDA:51,5,0,0
BRDA:51,5,1,1
BRF:12
BRH:9
end_of_record
TN:
SF:Statistica/src/UnitTestLibrary.js
FN:8,calcolaMedia
FN:10,(anonymous_1)
FN:15,calcolaMediana
FN:18,(anonymous_3)
FN:31,calcolaModa
FN:34,(anonymous_5)
FN:36,(anonymous_6)
FN:41,calcolaVarianza
FN:43,(anonymous_8)
FN:44,(anonymous_9)
FN:47,calcolaDeviazioneStandard
FNF:11
FNH:11
FNDA:5,calcolaMedia
FNDA:14,(anonymous_1)
FNDA:5,calcolaMediana
FNDA:13,(anonymous_3)
FNDA:4,calcolaModa
FNDA:15,(anonymous_5)
FNDA:6,(anonymous_6)
FNDA:2,calcolaVarianza
FNDA:6,(anonymous_8)
FNDA:6,(anonymous_9)
FNDA:1,calcolaDeviazioneStandard
DA:9,5
DA:10,14
DA:11,4
DA:16,5
DA:18,13
DA:19,4
DA:21,4
DA:23,1
DA:26,3
DA:32,4
DA:33,3
DA:34,15
DA:35,3
DA:36,6
DA:37,3
DA:42,2
DA:43,6
DA:44,6
DA:48,1
DA:49,1
DA:54,1
LF:21
LH:21
BRDA:9,0,0,1
BRDA:9,0,1,4
BRDA:16,1,0,1
BRDA:16,1,1,4
BRDA:21,2,0,1
BRDA:21,2,1,3
BRDA:32,3,0,1
BRDA:32,3,1,3
BRDA:34,4,0,15
BRDA:34,4,1,7
BRDA:42,5,0,0
BRDA:42,5,1,2
BRF:12
BRH:11
end_of_record
TN:
SF:To-Do-List/src/TodoList.js
FN:45,(anonymous_0)
FN:51,(anonymous_1)
FN:67,(anonymous_2)
FN:72,(anonymous_3)
FN:74,(anonymous_4)
FN:82,(anonymous_5)
FN:92,(anonymous_6)
FN:93,(anonymous_7)
FNF:8
FNH:8
FNDA:6,(anonymous_0)
FNDA:6,(anonymous_1)
FNDA:8,(anonymous_2)
FNDA:2,(anonymous_3)
FNDA:2,(anonymous_4)
FNDA:2,(anonymous_5)
FNDA:2,(anonymous_6)
FNDA:2,(anonymous_7)
DA:46,6
DA:47,6
DA:52,6
DA:53,6
DA:55,1
DA:58,5
DA:63,5
DA:68,8
DA:73,2
DA:74,2
DA:76,2
DA:83,2
DA:84,2
DA:86,1
DA:88,1
DA:93,2
DA:97,1
LF:17
LH:17
BRDA:53,0,0,1
BRDA:53,0,1,5
BRDA:76,1,0,1
BRDA:76,1,1,1
BRDA:84,2,0,1
BRDA:84,2,1,1
BRF:6
BRH:6
end_of_record
TN:
SF:Todo-app/src/todo.js
FN:1,addTask
FN:7,removeTask
FN:15,markTaskCompleted
FNF:3
FNH:3
FNDA:1,addTask
FNDA:2,removeTask
FNDA:3,markTaskCompleted
DA:2,1
DA:3,1
DA:4,1
DA:8,2
DA:9,1
DA:12,2
DA:16,3
DA:17,2
DA:19,3
LF:9
LH:9
BRDA:2,0,0,0
BRDA:2,0,1,1
BRDA:8,1,0,1
BRDA:8,1,1,1
BRDA:8,2,0,2
BRDA:8,2,1,2
BRDA:16,3,0,2
BRDA:16,3,1,1
BRDA:16,4,0,3
BRDA:16,4,1,3
BRF:10
BRH:9
end_of_record
TN:
SF:WeatherApp/src/weatherApp.js
FN:8,validateCityName
FN:30,fetchWeatherData
FN:65,(anonymous_2)
FN:87,(anonymous_3)
FN:116,displayWeatherData
FN:136,(anonymous_5)
FN:156,displayStatusMessage
FNF:7
FNH:4
FNDA:9,validateCityName
FNDA:0,fetchWeatherData
FNDA:0,(anonymous_2)
FNDA:0,(anonymous_3)
FNDA:2,displayWeatherData
FNDA:6,(anonymous_5)
FNDA:2,displayStatusMessage
DA:9,9
DA:11,9
DA:12,9
DA:15,7
DA:16,7
DA:19,1
DA:31,0
DA:33,0
DA:34,0
DA:36,0
DA:37,0
DA:40,0
DA:43,0
DA:44,0
DA:48,0
DA:49,0
DA:59,0
DA:60,0
DA:63,0
DA:65,0
DA:66,0
DA:67,0
DA:69,0
DA:70,0
DA:72,0
DA:76,0
DA:78,0
DA:79,0
DA:80,0
DA:83,0
DA:84,0
DA:85,0
DA:87,0
DA:88,0
DA:89,0
DA:90,0
DA:91,0
DA:95,0
DA:105,0
DA:108,0
DA:117,2
DA:118,2
DA:120,2
DA:123,2
DA:135,2
DA:136,2
DA:137,6
DA:139,6
DA:151,2
DA:157,2
DA:158,2
DA:159,2
DA:164,1
LF:53
LH:19
BRDA:9,0,0,0
BRDA:9,0,1,9
BRDA:12,1,0,2
BRDA:12,1,1,7
BRDA:36,2,0,0
BRDA:36,2,1,0
BRDA:43,3,0,0
BRDA:43,3,1,0
BRDA:43,4,0,0
BRDA:43,4,1,0
BRDA:67,5,0,0
BRDA:67,5,1,0
BRDA:69,6,0,0
BRDA:69,6,1,0
BRDA:89,7,0,0
BRDA:89,7,1,0
BRDA:118,8,0,0
BRDA:118,8,1,2
BRDA:158,9,0,2
BRDA:158,9,1,0
BRF:20
BRH:5
end_of_record
