TN:
SF:todo.js
FN:45,(anonymous_0)
FN:51,(anonymous_1)
FN:67,(anonymous_2)
FN:72,(anonymous_3)
FN:74,(anonymous_4)
FN:82,(anonymous_5)
FN:92,(anonymous_6)
FN:93,(anonymous_7)
FNF:8
FNH:8
FNDA:6,(anonymous_0)
FNDA:6,(anonymous_1)
FNDA:8,(anonymous_2)
FNDA:2,(anonymous_3)
FNDA:2,(anonymous_4)
FNDA:2,(anonymous_5)
FNDA:2,(anonymous_6)
FNDA:2,(anonymous_7)
DA:46,6
DA:47,6
DA:52,6
DA:53,6
DA:55,1
DA:58,5
DA:63,5
DA:68,8
DA:73,2
DA:74,2
DA:76,2
DA:83,2
DA:84,2
DA:86,1
DA:88,1
DA:93,2
LF:16
LH:16
BRDA:53,0,0,1
BRDA:53,0,1,5
BRDA:76,1,0,1
BRDA:76,1,1,1
BRDA:84,2,0,1
BRDA:84,2,1,1
BRF:6
BRH:6
end_of_record
